<?xml version="1.0" encoding="UTF-8"?>
<!-- Generated by org.testng.reporters.JUnitReportReporter -->
<testsuite hostname="IBM-PF38ZP4L" failures="0" tests="1" name="test.Classification" time="28.722" errors="0" timestamp="2025-01-03T10:25:34 IST" skipped="0">
  <testcase classname="test.Classification" name="classification" time="28.722"/>
</testsuite> <!-- test.Classification -->
