<?xml version="1.0" encoding="UTF-8"?>
<!-- Generated by org.testng.reporters.JUnitReportReporter -->
<testsuite hostname="IBM-PF38ZP4L" failures="0" tests="1" name="test.test" time="24.435" errors="0" timestamp="2024-12-30T12:16:13 IST" skipped="0">
  <testcase classname="test.test" name="testq" time="24.435"/>
</testsuite> <!-- test.test -->
