<?xml version="1.0" encoding="UTF-8"?>
<!-- Generated by org.testng.reporters.JUnitReportReporter -->
<testsuite hostname="IBM-PF38ZP4L" failures="0" tests="1" name="testCases.Classification" time="29.995" errors="0" timestamp="2024-12-24T19:10:26 IST" skipped="0">
  <testcase classname="testCases.Classification" name="classification" time="29.995"/>
</testsuite> <!-- testCases.Classification -->
