<?xml version="1.0" encoding="UTF-8"?>
<!-- Generated by org.testng.reporters.JUnitReportReporter -->
<testsuite hostname="IBM-PF38ZP4L" failures="0" tests="16" name="testCases.EADMF26_24_TC_03" time="247.695" errors="0" timestamp="2025-01-06T17:41:04 IST" skipped="0">
  <testcase classname="testCases.EADMF26_24_TC_03" name="verify_Login" time="39.279"/>
  <testcase classname="testCases.EADMF26_24_TC_03" name="verify_ClassificationPage" time="14.753"/>
  <testcase classname="testCases.EADMF26_24_TC_03" name="verify_ClassificationPage" time="15.494"/>
  <testcase classname="testCases.EADMF26_24_TC_03" name="verify_ClassificationPage" time="14.778"/>
  <testcase classname="testCases.EADMF26_24_TC_03" name="verify_ClassificationPage" time="14.741"/>
  <testcase classname="testCases.EADMF26_24_TC_03" name="verify_ClassificationPage" time="14.734"/>
  <testcase classname="testCases.EADMF26_24_TC_03" name="verify_ClassificationPage" time="14.733"/>
  <testcase classname="testCases.EADMF26_24_TC_03" name="verify_ClassificationPage" time="14.787"/>
  <testcase classname="testCases.EADMF26_24_TC_03" name="verify_ClassificationPage" time="14.723"/>
  <testcase classname="testCases.EADMF26_24_TC_03" name="verify_ClassificationPage" time="14.726"/>
  <testcase classname="testCases.EADMF26_24_TC_03" name="verify_ClassificationPage" time="14.775"/>
  <testcase classname="testCases.EADMF26_24_TC_03" name="verify_ClassificationPage" time="14.720"/>
  <testcase classname="testCases.EADMF26_24_TC_03" name="verify_ClassificationPage" time="14.801"/>
  <testcase classname="testCases.EADMF26_24_TC_03" name="verify_ClassificationPage" time="14.729"/>
  <testcase classname="testCases.EADMF26_24_TC_03" name="verify_ClassificationPage" time="14.768"/>
  <testcase classname="testCases.EADMF26_24_TC_03" name="verify_LogOut" time="1.154"/>
</testsuite> <!-- testCases.EADMF26_24_TC_03 -->
