<?xml version="1.0" encoding="UTF-8"?>
<!-- Generated by org.testng.reporters.JUnitReportReporter -->
<testsuite hostname="IBM-PF38ZP4L" failures="0" tests="2" name="testCases.EADMF26_26_TC_02" time="19.072" errors="0" timestamp="2025-01-06T20:17:31 IST" skipped="0">
  <testcase classname="testCases.EADMF26_26_TC_02" name="Login" time="4.184"/>
  <testcase classname="testCases.EADMF26_26_TC_02" name="verify_ClassificationSchemePage" time="14.888"/>
</testsuite> <!-- testCases.EADMF26_26_TC_02 -->
