<?xml version="1.0" encoding="UTF-8"?>
<!-- Generated by org.testng.reporters.JUnitReportReporter -->
<testsuite hostname="IBM-PF38ZP4L" failures="0" tests="1" name="testBase.BaseClass" time="9.119" errors="0" timestamp="2024-12-12T12:33:25 IST" skipped="0">
  <testcase classname="testBase.BaseClass" name="setup" time="9.119"/>
</testsuite> <!-- testBase.BaseClass -->
