<?xml version="1.0" encoding="UTF-8"?>
<!-- Generated by org.testng.reporters.JUnitReportReporter -->
<testsuite hostname="IBM-PF38ZP4L" failures="0" tests="1" name="testCases.LoginTest" time="2.620" errors="0" timestamp="2025-01-08T18:53:55 IST" skipped="0">
  <testcase classname="testCases.LoginTest" name="verify_Login" time="2.620"/>
</testsuite> <!-- testCases.LoginTest -->
