<?xml version="1.0" encoding="UTF-8"?>
<!-- Generated by org.testng.reporters.JUnitReportReporter -->
<testsuite hostname="IBM-PF38ZP4L" failures="0" tests="16" name="testCases.EADMF26_24_TC_03" time="257.152" errors="0" timestamp="2025-01-08T11:12:20 IST" skipped="0">
  <testcase classname="testCases.EADMF26_24_TC_03" name="verify_Login" time="39.525"/>
  <testcase classname="testCases.EADMF26_24_TC_03" name="verify_ClassificationPage" time="14.781"/>
  <testcase classname="testCases.EADMF26_24_TC_03" name="verify_ClassificationPage" time="15.602"/>
  <testcase classname="testCases.EADMF26_24_TC_03" name="verify_ClassificationPage" time="15.274"/>
  <testcase classname="testCases.EADMF26_24_TC_03" name="verify_ClassificationPage" time="19.005"/>
  <testcase classname="testCases.EADMF26_24_TC_03" name="verify_ClassificationPage" time="14.791"/>
  <testcase classname="testCases.EADMF26_24_TC_03" name="verify_ClassificationPage" time="14.964"/>
  <testcase classname="testCases.EADMF26_24_TC_03" name="verify_ClassificationPage" time="14.844"/>
  <testcase classname="testCases.EADMF26_24_TC_03" name="verify_ClassificationPage" time="14.911"/>
  <testcase classname="testCases.EADMF26_24_TC_03" name="verify_ClassificationPage" time="14.748"/>
  <testcase classname="testCases.EADMF26_24_TC_03" name="verify_ClassificationPage" time="15.635"/>
  <testcase classname="testCases.EADMF26_24_TC_03" name="verify_ClassificationPage" time="15.900"/>
  <testcase classname="testCases.EADMF26_24_TC_03" name="verify_ClassificationPage" time="15.508"/>
  <testcase classname="testCases.EADMF26_24_TC_03" name="verify_ClassificationPage" time="15.455"/>
  <testcase classname="testCases.EADMF26_24_TC_03" name="verify_ClassificationPage" time="14.793"/>
  <testcase classname="testCases.EADMF26_24_TC_03" name="verify_LogOut" time="1.416"/>
</testsuite> <!-- testCases.EADMF26_24_TC_03 -->
