<?xml version="1.0" encoding="UTF-8"?>
<!-- Generated by org.testng.reporters.JUnitReportReporter -->
<testsuite hostname="IBM-PF38ZP4L" failures="0" tests="1" name="testCases.EADMF26_24_TC_03_BusinessProduct" time="34.214" errors="0" timestamp="2024-12-24T12:15:45 IST" skipped="0">
  <testcase classname="testCases.EADMF26_24_TC_03_BusinessProduct" name="classification" time="34.214"/>
</testsuite> <!-- testCases.EADMF26_24_TC_03_BusinessProduct -->
