<?xml version="1.0" encoding="UTF-8"?>
<!-- Generated by org.testng.reporters.JUnitReportReporter -->
<testsuite hostname="IBM-PF38ZP4L" failures="0" tests="5" name="testCases.EADMF26_28_TC_02" time="68.334" errors="0" timestamp="2025-01-10T14:46:39 IST" skipped="0">
  <testcase classname="testCases.EADMF26_28_TC_02" name="Login" time="5.681"/>
  <testcase classname="testCases.EADMF26_28_TC_02" name="verify_ClassificationFacility" time="15.919"/>
  <testcase classname="testCases.EADMF26_28_TC_02" name="verify_ClassificationFacility" time="15.695"/>
  <testcase classname="testCases.EADMF26_28_TC_02" name="verify_ClassificationFacility" time="15.565"/>
  <testcase classname="testCases.EADMF26_28_TC_02" name="verify_ClassificationFacility" time="15.474"/>
</testsuite> <!-- testCases.EADMF26_28_TC_02 -->
