<?xml version="1.0" encoding="UTF-8"?>
<!-- Generated by org.testng.reporters.JUnitReportReporter -->
<testsuite hostname="IBM-PF38ZP4L" failures="0" tests="1" name="testCases.test" time="26.264" errors="0" timestamp="2024-12-20T12:12:46 IST" skipped="0">
  <testcase classname="testCases.test" name="testq" time="26.264"/>
</testsuite> <!-- testCases.test -->
